<?xml version="1.0" encoding="UTF-8"?>
<!-- Generated by org.testng.reporters.JUnitReportReporter -->
<testsuite skipped="0" hostname="Shakis-MBP.home" name="tests.SearchTestWithTestNGParameter" tests="2" failures="0" timestamp="21 Feb 2020 06:52:33 GMT" time="6.833" errors="0">
  <testcase name="searchProduct" time="3.506" classname="tests.SearchTestWithTestNGParameter"/>
  <testcase name="searchProduct" time="3.327" classname="tests.SearchTestWithTestNGParameter"/>
</testsuite> <!-- tests.SearchTestWithTestNGParameter -->
