<?xml version="1.0" encoding="UTF-8"?>
<!-- Generated by org.testng.reporters.JUnitReportReporter -->
<testsuite skipped="0" hostname="Shakis-MBP.home" name="tests.SearchTestWithDataProviderFromExcel" tests="2" failures="0" timestamp="21 Feb 2020 06:52:01 GMT" time="6.332" errors="0">
  <testcase name="searchProduct" time="2.516" classname="tests.SearchTestWithDataProviderFromExcel"/>
  <testcase name="searchProduct" time="3.816" classname="tests.SearchTestWithDataProviderFromExcel"/>
</testsuite> <!-- tests.SearchTestWithDataProviderFromExcel -->
