<?xml version="1.0" encoding="UTF-8"?>
<!-- Generated by org.testng.reporters.JUnitReportReporter -->
<testsuite skipped="0" hostname="Shakis-MBP.home" name="tests.SearchTest" tests="1" failures="0" timestamp="21 Feb 2020 06:30:44 GMT" time="5.163" errors="0">
  <testcase name="searchProduct" time="5.163" classname="tests.SearchTest"/>
</testsuite> <!-- tests.SearchTest -->
