<?xml version="1.0" encoding="UTF-8"?>
<!-- Generated by org.testng.reporters.JUnitReportReporter -->
<testsuite skipped="0" hostname="Shakis-MBP.home" name="tests.SearchTestWithDataProvider" tests="2" failures="0" timestamp="21 Feb 2020 06:52:16 GMT" time="5.826" errors="0">
  <testcase name="searchProduct" time="1.936" classname="tests.SearchTestWithDataProvider"/>
  <testcase name="searchProduct" time="3.890" classname="tests.SearchTestWithDataProvider"/>
</testsuite> <!-- tests.SearchTestWithDataProvider -->
